0 info it worked if it ends with ok
1 verbose cli [ 'G:\\Program Files\\FrameworksJS\\nodejs\\node.exe',
1 verbose cli   'G:\\Program Files\\FrameworksJS\\nodejs\\node_modules\\npm\\bin\\npm-cli.js',
1 verbose cli   'start' ]
2 info using npm@3.10.10
3 info using node@v6.10.2
4 verbose run-script [ 'prestart', 'start', 'poststart' ]
5 info lifecycle Laboratorio2SD@1.0.0~prestart: Laboratorio2SD@1.0.0
6 silly lifecycle Laboratorio2SD@1.0.0~prestart: no script for prestart, continuing
7 info lifecycle Laboratorio2SD@1.0.0~start: Laboratorio2SD@1.0.0
8 verbose lifecycle Laboratorio2SD@1.0.0~start: unsafe-perm in lifecycle true
9 verbose lifecycle Laboratorio2SD@1.0.0~start: PATH: G:\Program Files\FrameworksJS\nodejs\node_modules\npm\bin\node-gyp-bin;C:\xampp\htdocs\Laboratorio2SD\node_modules\.bin;C:\Program Files (x86)\Common Files\Intel\Shared Files\cpp\bin\Intel64;C:\ProgramData\Oracle\Java\javapath;C:\WINDOWS\system32;C:\WINDOWS;C:\WINDOWS\System32\Wbem;C:\WINDOWS\System32\WindowsPowerShell\v1.0\;G:\Program Files (x86)\Brackets\command;C:\xampp\mysql\bin;G:\Program Files\FrameworksJS\nodejs\;C:\Users\nark_\AppData\Local\GitHub\PortableGit_f02737a78695063deace08e96d5042710d3e32db\cmd;G:\Program Files\Git\cmd;C:\xampp\php;C:\ProgramData\ComposerSetup\bin;G:\Program Files\swipl\bin;C:\Program Files\Java\jdk1.8.0_121\bin;C:\Python\Python36-32\Scripts\;C:\Python\Python36-32\;C:\Users\nark_\AppData\Local\Programs\Python\Launcher\;C:\Users\nark_\AppData\Local\Microsoft\WindowsApps;C:\Users\nark_\AppData\Roaming\npm;C:\Users\nark_\AppData\Roaming\Composer\vendor\bin;G:\Program Files (x86)\Microsoft VS Code\bin;G:\Users\nark_\AppData\Local\Google\Cloud SDK\google-cloud-sdk\bin
10 verbose lifecycle Laboratorio2SD@1.0.0~start: CWD: C:\xampp\htdocs\Laboratorio2SD
11 silly lifecycle Laboratorio2SD@1.0.0~start: Args: [ '/d /s /c', 'Nodemon server/main.js se esta ejecutando' ]
12 verbose stack Error: kill ENOSYS
12 verbose stack     at exports._errnoException (util.js:1018:11)
12 verbose stack     at process.kill (internal/process.js:190:13)
12 verbose stack     at process.listener (G:\Program Files\FrameworksJS\nodejs\node_modules\npm\node_modules\npmlog\node_modules\gauge\node_modules\signal-exit\index.js:86:15)
12 verbose stack     at emitNone (events.js:91:20)
12 verbose stack     at process.emit (events.js:185:7)
12 verbose stack     at processEmit (G:\Program Files\FrameworksJS\nodejs\node_modules\npm\node_modules\npmlog\node_modules\gauge\node_modules\signal-exit\index.js:146:32)
12 verbose stack     at processEmit (G:\Program Files\FrameworksJS\nodejs\node_modules\npm\node_modules\npm-registry-client\node_modules\npmlog\node_modules\gauge\node_modules\signal-exit\index.js:146:32)
12 verbose stack     at Signal.wrap.onsignal (internal/process.js:217:44)
13 verbose cwd C:\xampp\htdocs\Laboratorio2SD
14 error Windows_NT 10.0.15063
15 error argv "G:\\Program Files\\FrameworksJS\\nodejs\\node.exe" "G:\\Program Files\\FrameworksJS\\nodejs\\node_modules\\npm\\bin\\npm-cli.js" "start"
16 error node v6.10.2
17 error npm  v3.10.10
18 error code ENOSYS
19 error errno ENOSYS
20 error syscall kill
21 error kill ENOSYS
22 error If you need help, you may report this error at:
22 error     <https://github.com/npm/npm/issues>
23 verbose exit [ 1, true ]
